#
# A fatal error has been detected by the Java Runtime Environment:
#
#  SIGSEGV (0xb) at pc=0x0000000103147d68, pid=66169, tid=16643
#
# JRE version: Java(TM) SE Runtime Environment (8.0_65-b17) (build 1.8.0_65-b17)
# Java VM: Java HotSpot(TM) 64-Bit Server VM (25.65-b01 mixed mode bsd-amd64 compressed oops)
# Problematic frame:
# C  [libjdwp.dylib+0x21d68]  jvmtiAllocate+0x1d
#
# Failed to write core dump. Core dumps have been disabled. To enable core dumping, try "ulimit -c unlimited" before starting Java again
#
# If you would like to submit a bug report, please visit:
#   http://bugreport.java.com/bugreport/crash.jsp
# The crash happened outside the Java Virtual Machine in native code.
# See problematic frame for where to report the bug.
#

---------------  T H R E A D  ---------------

Current thread (0x00007fd256018000):  JavaThread "JDWP Command Reader" daemon [_thread_in_native, id=16643, stack(0x000070000b3c8000,0x000070000b4c8000)]

siginfo: si_signo: 11 (SIGSEGV), si_code: 1 (SEGV_MAPERR), si_addr: 0x0000000000000000

Registers:
RAX=0x0000000000000000, RBX=0x0000000110b4138a, RCX=0x0000000000000009, RDX=0x000070000b4c7b69
RSP=0x000070000b4c7b20, RBP=0x000070000b4c7b50, RSI=0x000000000000f000, RDI=0x0000000000000022
R8 =0x000070000b4c7b69, R9 =0x0000000000000000, R10=0x00007fd2570325e0, R11=0x00007fff5ba7d7c5
R12=0x000000010314de7a, R13=0x00007fd25713c060, R14=0x000000000000000a, R15=0x000000010314c891
RIP=0x0000000103147d68, EFLAGS=0x0000000000010206, ERR=0x0000000000000004
  TRAPNO=0x000000000000000e

Top of Stack: (sp=0x000070000b4c7b20)
0x000070000b4c7b20:   0000000000000004 ffffffffffffffe7
0x000070000b4c7b30:   0000000000000000 000000000000010d
0x000070000b4c7b40:   0000000110b4138a 000000000000000a
0x000070000b4c7b50:   000070000b4c7c80 0000000110b40792
0x000070000b4c7b60:   000070000b4c7bb0 6c69662064614202
0x000070000b4c7b70:   6972637365642065 00000000726f7470
0x000070000b4c7b80:   0000000000000000 0000000000000000
0x000070000b4c7b90:   0000000000000000 0000000000000000
0x000070000b4c7ba0:   0000000000000000 0000000000000000
0x000070000b4c7bb0:   0000000000000000 0000000000000000
0x000070000b4c7bc0:   0000000000000000 0000000000000000
0x000070000b4c7bd0:   0000000000000000 0000000000000000
0x000070000b4c7be0:   0000000000000000 0000000000000000
0x000070000b4c7bf0:   0000000000000000 0000000000000000
0x000070000b4c7c00:   0000000000000000 0000000000000000
0x000070000b4c7c10:   0000000000000000 0000000000000000
0x000070000b4c7c20:   0000000000000000 0000000000000000
0x000070000b4c7c30:   0000000000000000 0000000000000000
0x000070000b4c7c40:   0000000000000000 0000000000000000
0x000070000b4c7c50:   0000000000000000 0000000000000000
0x000070000b4c7c60:   0000000000000000 04c64caf33b50021
0x000070000b4c7c70:   000070000b4c7d00 000000010314de95
0x000070000b4c7c80:   000070000b4c7cb0 0000000110b402ff
0x000070000b4c7c90:   000070000b4c7cd0 0000000103148a19
0x000070000b4c7ca0:   000070000b4c7d00 000000010314de95
0x000070000b4c7cb0:   000070000b4c7cd0 0000000103144b71
0x000070000b4c7cc0:   000000010314de6e 000000010314de95
0x000070000b4c7cd0:   000070000b4c7d40 00000001031349c9
0x000070000b4c7ce0:   000070000b4c7d10 00007fff5ba7fd25
0x000070000b4c7cf0:   000070000b4c7d20 0000000000db9201
0x000070000b4c7d00:   00003f7500000013 0000000000040b00
0x000070000b4c7d10:   00007fd257102bd0 00007fd256018000 

Instructions: (pc=0x0000000103147d68)
0x0000000103147d48:   5e 5d c3 55 48 89 e5 41 56 53 48 83 ec 20 85 ff
0x0000000103147d58:   0f 84 85 00 00 00 48 8b 05 33 18 01 00 48 8b 00
0x0000000103147d68:   48 8b 08 48 63 f7 48 8d 55 e8 48 89 c7 ff 91 68
0x0000000103147d78:   01 00 00 85 c0 74 5e 89 c3 89 df e8 66 ce fe ff 

Register to memory mapping:

RAX=0x0000000000000000 is an unknown value
RBX=0x0000000110b4138a: dbgsysConnect+0x2fe in /Library/Java/JavaVirtualMachines/jdk1.8.0_65.jdk/Contents/Home/jre/lib/libdt_socket.dylib at 0x0000000110b3f000
RCX=0x0000000000000009 is an unknown value
RDX=0x000070000b4c7b69 is pointing into the stack for thread: 0x00007fd256018000
RSP=0x000070000b4c7b20 is pointing into the stack for thread: 0x00007fd256018000
RBP=0x000070000b4c7b50 is pointing into the stack for thread: 0x00007fd256018000
RSI=0x000000000000f000 is an unknown value
RDI=0x0000000000000022 is an unknown value
R8 =0x000070000b4c7b69 is pointing into the stack for thread: 0x00007fd256018000
R9 =0x0000000000000000 is an unknown value
R10=0x00007fd2570325e0 is an unknown value
R11=0x00007fff5ba7d7c5: pthread_getspecific+0 in /usr/lib/system/libsystem_pthread.dylib at 0x00007fff5ba7c000
R12=0x000000010314de7a: util_initialize+0x25dd in /Library/Java/JavaVirtualMachines/jdk1.8.0_65.jdk/Contents/Home/jre/lib/libjdwp.dylib at 0x0000000103126000
R13=0x00007fd25713c060 is an unknown value
R14=0x000000000000000a is an unknown value
R15=0x000000010314c891: util_initialize+0xff4 in /Library/Java/JavaVirtualMachines/jdk1.8.0_65.jdk/Contents/Home/jre/lib/libjdwp.dylib at 0x0000000103126000


Stack: [0x000070000b3c8000,0x000070000b4c8000],  sp=0x000070000b4c7b20,  free space=1022k
Native frames: (J=compiled Java code, j=interpreted, Vv=VM code, C=native code)
C  [libjdwp.dylib+0x21d68]  jvmtiAllocate+0x1d
C  [libdt_socket.dylib+0x1792]  setLastError+0x87
C  [libdt_socket.dylib+0x12ff]  socketTransport_readPacket+0x67
C  [libjdwp.dylib+0x1eb71]  transport_receivePacket+0x1a
C  [libjdwp.dylib+0xe9c9]  reader+0x72
V  [libjvm.dylib+0x396d60]
V  [libjvm.dylib+0x5612d3]
V  [libjvm.dylib+0x5629ce]
V  [libjvm.dylib+0x48342e]
C  [libsystem_pthread.dylib+0x333d]  _pthread_body+0x7e
C  [libsystem_pthread.dylib+0x62a7]  _pthread_start+0x46
C  [libsystem_pthread.dylib+0x2425]  thread_start+0xd
C  0x0000000000000000


---------------  P R O C E S S  ---------------

Java Threads: ( => current thread )
  0x00007fd25786f800 JavaThread "Service Thread" daemon [_thread_blocked, id=22019, stack(0x000070000b8d7000,0x000070000b9d7000)]
  0x00007fd25807b800 JavaThread "C1 CompilerThread3" daemon [_thread_blocked, id=21763, stack(0x000070000b7d4000,0x000070000b8d4000)]
  0x00007fd25801d800 JavaThread "C2 CompilerThread2" daemon [_thread_blocked, id=15619, stack(0x000070000b6d1000,0x000070000b7d1000)]
  0x00007fd25801c800 JavaThread "C2 CompilerThread1" daemon [_thread_blocked, id=16131, stack(0x000070000b5ce000,0x000070000b6ce000)]
  0x00007fd25786e000 JavaThread "C2 CompilerThread0" daemon [_thread_blocked, id=14851, stack(0x000070000b4cb000,0x000070000b5cb000)]
=>0x00007fd256018000 JavaThread "JDWP Command Reader" daemon [_thread_in_native, id=16643, stack(0x000070000b3c8000,0x000070000b4c8000)]
  0x00007fd25801b000 JavaThread "JDWP Event Helper Thread" daemon [_thread_blocked, id=17155, stack(0x000070000b2c5000,0x000070000b3c5000)]
  0x00007fd256017000 JavaThread "JDWP Transport Listener: dt_socket" daemon [_thread_blocked, id=17671, stack(0x000070000b1c2000,0x000070000b2c2000)]
  0x00007fd25786b800 JavaThread "Signal Dispatcher" daemon [_thread_blocked, id=18179, stack(0x000070000b0bf000,0x000070000b1bf000)]
  0x00007fd258006000 JavaThread "Finalizer" daemon [_thread_blocked, id=19203, stack(0x000070000afbc000,0x000070000b0bc000)]
  0x00007fd256007000 JavaThread "Reference Handler" daemon [_thread_blocked, id=12803, stack(0x000070000aeb9000,0x000070000afb9000)]

Other Threads:
  0x00007fd257864800 VMThread [stack: 0x000070000adb6000,0x000070000aeb6000] [id=19715]

VM state:at safepoint (normal execution)

VM Mutex/Monitor currently owned by a thread:  ([mutex/lock_event])
[0x00007fd2570046d0] Threads_lock - owner thread: 0x00007fd257864800
[0x00007fd257004bd0] Heap_lock - owner thread: 0x00007fd259925000

Heap:
 PSYoungGen      total 76288K, used 36606K [0x000000076ab00000, 0x0000000770000000, 0x00000007c0000000)
  eden space 65536K, 45% used [0x000000076ab00000,0x000000076c8138a0,0x000000076eb00000)
  from space 10752K, 63% used [0x000000076eb00000,0x000000076f1ac318,0x000000076f580000)
  to   space 10752K, 0% used [0x000000076f580000,0x000000076f580000,0x0000000770000000)
 ParOldGen       total 175104K, used 16K [0x00000006c0000000, 0x00000006cab00000, 0x000000076ab00000)
  object space 175104K, 0% used [0x00000006c0000000,0x00000006c0004000,0x00000006cab00000)
 Metaspace       used 13913K, capacity 14160K, committed 14464K, reserved 1062912K
  class space    used 1555K, capacity 1619K, committed 1664K, reserved 1048576K

Card table byte_map: [0x0000000105589000,0x0000000105d8a000] byte_map_base: 0x0000000101f89000

Marking Bits: (ParMarkBitMap*) 0x0000000104adee20
 Begin Bits: [0x00000001062e0000, 0x000000010a2e0000)
 End Bits:   [0x000000010a2e0000, 0x000000010e2e0000)

Polling page: 0x0000000103125000

CodeCache: size=245760Kb used=5282Kb max_used=5355Kb free=240477Kb
 bounds [0x0000000110cfe000, 0x000000011123e000, 0x000000011fcfe000]
 total_blobs=1523 nmethods=1153 adapters=292
 compilation: enabled

Compilation events (10 events):
Event: 123.800 Thread 0x00007fd25807b800 nmethod 1151 0x00000001111fc510 code [0x00000001111fc680, 0x00000001111fc908]
Event: 123.800 Thread 0x00007fd25807b800 1153       3       java.nio.Buffer::<init> (121 bytes)
Event: 123.801 Thread 0x00007fd25807b800 nmethod 1153 0x00000001111fa310 code [0x00000001111fa600, 0x00000001111fbaa8]
Event: 123.801 Thread 0x00007fd25807b800 1152  s    3       java.io.BufferedOutputStream::flush (12 bytes)
Event: 123.801 Thread 0x00007fd25807b800 nmethod 1152 0x00000001111f9b10 code [0x00000001111f9ca0, 0x00000001111fa198]
Event: 123.801 Thread 0x00007fd25807b800 1150       3       java.nio.Buffer::hasRemaining (17 bytes)
Event: 123.802 Thread 0x00007fd25807b800 nmethod 1150 0x00000001111f9790 code [0x00000001111f9900, 0x00000001111f9ab0]
Event: 123.802 Thread 0x00007fd25807b800 1154       3       java.io.PrintStream::ensureOpen (18 bytes)
Event: 123.802 Thread 0x00007fd25807b800 nmethod 1154 0x00000001111f92d0 code [0x00000001111f9460, 0x00000001111f96c8]
Event: 123.802 Thread 0x00007fd25807b800 1155   !   3       java.util.logging.LogManager::ensureLogManagerInitialized (128 bytes)

GC Heap History (2 events):
Event: 0.942 GC heap before
{Heap before GC invocations=1 (full 0):
 PSYoungGen      total 76288K, used 65536K [0x000000076ab00000, 0x0000000770000000, 0x00000007c0000000)
  eden space 65536K, 100% used [0x000000076ab00000,0x000000076eb00000,0x000000076eb00000)
  from space 10752K, 0% used [0x000000076f580000,0x000000076f580000,0x0000000770000000)
  to   space 10752K, 0% used [0x000000076eb00000,0x000000076eb00000,0x000000076f580000)
 ParOldGen       total 175104K, used 0K [0x00000006c0000000, 0x00000006cab00000, 0x000000076ab00000)
  object space 175104K, 0% used [0x00000006c0000000,0x00000006c0000000,0x00000006cab00000)
 Metaspace       used 10587K, capacity 10748K, committed 11008K, reserved 1058816K
  class space    used 1106K, capacity 1187K, committed 1280K, reserved 1048576K
Event: 0.948 GC heap after
Heap after GC invocations=1 (full 0):
 PSYoungGen      total 76288K, used 6832K [0x000000076ab00000, 0x0000000770000000, 0x00000007c0000000)
  eden space 65536K, 0% used [0x000000076ab00000,0x000000076ab00000,0x000000076eb00000)
  from space 10752K, 63% used [0x000000076eb00000,0x000000076f1ac318,0x000000076f580000)
  to   space 10752K, 0% used [0x000000076f580000,0x000000076f580000,0x0000000770000000)
 ParOldGen       total 175104K, used 16K [0x00000006c0000000, 0x00000006cab00000, 0x000000076ab00000)
  object space 175104K, 0% used [0x00000006c0000000,0x00000006c0004000,0x00000006cab00000)
 Metaspace       used 10587K, capacity 10748K, committed 11008K, reserved 1058816K
  class space    used 1106K, capacity 1187K, committed 1280K, reserved 1048576K
}

Deoptimization events (10 events):
Event: 0.959 Thread 0x00007fd257807000 Uncommon trap: reason=unstable_if action=reinterpret pc=0x0000000110fe97c8 method=org.eclipse.jdt.launching.internal.org.objectweb.asm.MethodWriter.visitFrame(II[Ljava/lang/Object;I[Ljava/lang/Object;)V @ 602
Event: 1.040 Thread 0x00007fd257807000 Uncommon trap: reason=unstable_if action=reinterpret pc=0x000000011103ebf0 method=java.util.concurrent.ConcurrentHashMap.addCount(JI)V @ 121
Event: 1.048 Thread 0x00007fd257807000 Uncommon trap: reason=unstable_if action=reinterpret pc=0x00000001110417a0 method=java.io.BufferedReader.readLine(Z)Ljava/lang/String; @ 55
Event: 1.048 Thread 0x00007fd257807000 Uncommon trap: reason=unstable_if action=reinterpret pc=0x00000001110430a4 method=java.io.BufferedReader.readLine(Z)Ljava/lang/String; @ 55
Event: 1.067 Thread 0x00007fd257807000 Uncommon trap: reason=class_check action=maybe_recompile pc=0x000000011104a3d0 method=java.util.concurrent.ConcurrentHashMap.putVal(Ljava/lang/Object;Ljava/lang/Object;Z)Ljava/lang/Object; @ 192
Event: 1.068 Thread 0x00007fd257807000 Uncommon trap: reason=predicate action=maybe_recompile pc=0x000000011115c4d8 method=sun.net.www.ParseUtil.encodePath(Ljava/lang/String;Z)Ljava/lang/String; @ 36
Event: 1.122 Thread 0x00007fd257807000 Uncommon trap: reason=unstable_if action=reinterpret pc=0x0000000111083274 method=java.lang.CharacterDataLatin1.digit(II)I @ 82
Event: 1.139 Thread 0x00007fd257807000 Uncommon trap: reason=unstable_if action=reinterpret pc=0x000000011104a3fc method=java.util.concurrent.ConcurrentHashMap.putVal(Ljava/lang/Object;Ljava/lang/Object;Z)Ljava/lang/Object; @ 181
Event: 1.459 Thread 0x00007fd257807000 Uncommon trap: reason=unstable_if action=reinterpret pc=0x00000001111203e4 method=java.util.HashMap.getNode(ILjava/lang/Object;)Ljava/util/HashMap$Node; @ 62
Event: 1.459 Thread 0x00007fd257807000 Uncommon trap: reason=unstable_if action=reinterpret pc=0x00000001111090fc method=java.util.HashMap.getNode(ILjava/lang/Object;)Ljava/util/HashMap$Node; @ 62

Internal exceptions (10 events):
Event: 1.450 Thread 0x00007fd257807000 Exception <a 'java/lang/ArrayIndexOutOfBoundsException'> (0x000000076c1787e0) thrown at [/Users/java_re/workspace/8-2-build-macosx-x86_64/jdk8u65/4987/hotspot/src/share/vm/runtime/sharedRuntime.cpp, line 605]
Event: 1.464 Thread 0x00007fd257807000 Exception <a 'java/lang/ArrayIndexOutOfBoundsException'> (0x000000076c1f31a8) thrown at [/Users/java_re/workspace/8-2-build-macosx-x86_64/jdk8u65/4987/hotspot/src/share/vm/runtime/sharedRuntime.cpp, line 605]
Event: 1.481 Thread 0x00007fd257807000 Exception <a 'java/lang/ArrayIndexOutOfBoundsException'> (0x000000076c3d48c0) thrown at [/Users/java_re/workspace/8-2-build-macosx-x86_64/jdk8u65/4987/hotspot/src/share/vm/runtime/sharedRuntime.cpp, line 605]
Event: 1.481 Thread 0x00007fd257807000 Exception <a 'java/lang/ArrayIndexOutOfBoundsException'> (0x000000076c3d58c0) thrown at [/Users/java_re/workspace/8-2-build-macosx-x86_64/jdk8u65/4987/hotspot/src/share/vm/runtime/sharedRuntime.cpp, line 605]
Event: 1.496 Thread 0x00007fd257807000 Exception <a 'java/lang/ArrayIndexOutOfBoundsException'> (0x000000076c563f20) thrown at [/Users/java_re/workspace/8-2-build-macosx-x86_64/jdk8u65/4987/hotspot/src/share/vm/runtime/sharedRuntime.cpp, line 605]
Event: 1.542 Thread 0x00007fd257807000 Exception <a 'java/lang/ArrayIndexOutOfBoundsException'> (0x000000076c5ff618) thrown at [/Users/java_re/workspace/8-2-build-macosx-x86_64/jdk8u65/4987/hotspot/src/share/vm/runtime/sharedRuntime.cpp, line 605]
Event: 1.544 Thread 0x00007fd257807000 Exception <a 'java/lang/ArrayIndexOutOfBoundsException'> (0x000000076c609f38) thrown at [/Users/java_re/workspace/8-2-build-macosx-x86_64/jdk8u65/4987/hotspot/src/share/vm/runtime/sharedRuntime.cpp, line 605]
Event: 1.547 Thread 0x00007fd257807000 Exception <a 'java/lang/ArrayIndexOutOfBoundsException'> (0x000000076c6260c0) thrown at [/Users/java_re/workspace/8-2-build-macosx-x86_64/jdk8u65/4987/hotspot/src/share/vm/runtime/sharedRuntime.cpp, line 605]
Event: 123.799 Thread 0x00007fd257807000 Exception <a 'java/net/ConnectException'> (0x000000076c67d290) thrown at [/Users/java_re/workspace/8-2-build-macosx-x86_64/jdk8u65/4987/hotspot/src/share/vm/prims/jni.cpp, line 709]
Event: 123.799 Thread 0x00007fd257807000 Exception <a 'java/net/ConnectException'> (0x000000076c67dad8) thrown at [/Users/java_re/workspace/8-2-build-macosx-x86_64/jdk8u65/4987/hotspot/src/share/vm/prims/jni.cpp, line 709]

Events (10 events):
Event: 123.797 loading class java/util/IdentityHashMap$KeySet done
Event: 123.801 Thread 0x00007fd257807000 Thread exited: 0x00007fd257807000
Event: 123.801 Thread 0x00007fd259925000 Thread added: 0x00007fd259925000
Event: 123.801 loading class java/util/IdentityHashMap$KeyIterator
Event: 123.801 loading class java/util/IdentityHashMap$IdentityHashMapIterator
Event: 123.801 loading class java/util/IdentityHashMap$IdentityHashMapIterator done
Event: 123.801 loading class java/util/IdentityHashMap$KeyIterator done
Event: 123.801 Thread 0x00007fd25d2dd800 Thread added: 0x00007fd25d2dd800
Event: 123.802 Thread 0x00007fd25d2dd800 Thread exited: 0x00007fd25d2dd800
Event: 123.802 Thread 0x00007fd259925000 Thread exited: 0x00007fd259925000


Dynamic libraries:
0x0000000003543000 	/System/Library/Frameworks/Cocoa.framework/Versions/A/Cocoa
0x0000000003543000 	/System/Library/Frameworks/Security.framework/Versions/A/Security
0x0000000003543000 	/System/Library/Frameworks/ApplicationServices.framework/Versions/A/ApplicationServices
0x0000000003543000 	/usr/lib/libz.1.dylib
0x0000000003543000 	/usr/lib/libSystem.B.dylib
0x0000000003543000 	/usr/lib/libobjc.A.dylib
0x0000000003543000 	/System/Library/Frameworks/CoreFoundation.framework/Versions/A/CoreFoundation
0x0000000003543000 	/System/Library/Frameworks/Foundation.framework/Versions/C/Foundation
0x0000000003543000 	/System/Library/Frameworks/AppKit.framework/Versions/C/AppKit
0x0000000003543000 	/System/Library/Frameworks/CoreData.framework/Versions/A/CoreData
0x0000000003543000 	/System/Library/PrivateFrameworks/RemoteViewServices.framework/Versions/A/RemoteViewServices
0x0000000003543000 	/System/Library/PrivateFrameworks/UIFoundation.framework/Versions/A/UIFoundation
0x0000000003543000 	/System/Library/PrivateFrameworks/XCTTargetBootstrap.framework/Versions/A/XCTTargetBootstrap
0x0000000003543000 	/System/Library/PrivateFrameworks/IconServices.framework/Versions/A/IconServices
0x0000000003543000 	/System/Library/Frameworks/Metal.framework/Versions/A/Metal
0x0000000003543000 	/System/Library/PrivateFrameworks/DesktopServicesPriv.framework/Versions/A/DesktopServicesPriv
0x0000000003543000 	/usr/lib/libenergytrace.dylib
0x0000000003543000 	/System/Library/PrivateFrameworks/SkyLight.framework/Versions/A/SkyLight
0x0000000003543000 	/System/Library/Frameworks/CoreGraphics.framework/Versions/A/CoreGraphics
0x0000000003543000 	/System/Library/Frameworks/Accelerate.framework/Versions/A/Accelerate
0x0000000003543000 	/System/Library/Frameworks/IOSurface.framework/Versions/A/IOSurface
0x0000000003543000 	/System/Library/PrivateFrameworks/DFRFoundation.framework/Versions/A/DFRFoundation
0x0000000003543000 	/System/Library/Frameworks/AudioToolbox.framework/Versions/A/AudioToolbox
0x0000000003543000 	/System/Library/Frameworks/AudioUnit.framework/Versions/A/AudioUnit
0x0000000003543000 	/System/Library/PrivateFrameworks/DataDetectorsCore.framework/Versions/A/DataDetectorsCore
0x0000000003543000 	/System/Library/Frameworks/Carbon.framework/Versions/A/Frameworks/HIToolbox.framework/Versions/A/HIToolbox
0x0000000003543000 	/usr/lib/libicucore.A.dylib
0x0000000003543000 	/System/Library/Frameworks/QuartzCore.framework/Versions/A/QuartzCore
0x0000000003543000 	/System/Library/Frameworks/Carbon.framework/Versions/A/Frameworks/SpeechRecognition.framework/Versions/A/SpeechRecognition
0x0000000003543000 	/usr/lib/libauto.dylib
0x0000000003543000 	/usr/lib/libxml2.2.dylib
0x0000000003543000 	/System/Library/PrivateFrameworks/CoreUI.framework/Versions/A/CoreUI
0x0000000003543000 	/System/Library/Frameworks/CoreAudio.framework/Versions/A/CoreAudio
0x0000000003543000 	/System/Library/Frameworks/DiskArbitration.framework/Versions/A/DiskArbitration
0x0000000003543000 	/usr/lib/liblangid.dylib
0x0000000003543000 	/System/Library/PrivateFrameworks/MultitouchSupport.framework/Versions/A/MultitouchSupport
0x0000000003543000 	/System/Library/Frameworks/IOKit.framework/Versions/A/IOKit
0x0000000003543000 	/usr/lib/libDiagnosticMessagesClient.dylib
0x0000000003543000 	/System/Library/Frameworks/CoreServices.framework/Versions/A/CoreServices
0x0000000003543000 	/System/Library/PrivateFrameworks/PerformanceAnalysis.framework/Versions/A/PerformanceAnalysis
0x0000000003543000 	/System/Library/Frameworks/OpenGL.framework/Versions/A/OpenGL
0x0000000003543000 	/System/Library/Frameworks/ColorSync.framework/Versions/A/ColorSync
0x0000000003543000 	/System/Library/Frameworks/CoreImage.framework/Versions/A/CoreImage
0x0000000003543000 	/System/Library/Frameworks/CoreText.framework/Versions/A/CoreText
0x0000000003543000 	/System/Library/Frameworks/ImageIO.framework/Versions/A/ImageIO
0x0000000003543000 	/System/Library/PrivateFrameworks/Backup.framework/Versions/A/Backup
0x0000000003543000 	/usr/lib/libarchive.2.dylib
0x0000000003543000 	/System/Library/Frameworks/CFNetwork.framework/Versions/A/CFNetwork
0x0000000003543000 	/System/Library/Frameworks/SystemConfiguration.framework/Versions/A/SystemConfiguration
0x0000000003543000 	/usr/lib/libCRFSuite.dylib
0x0000000003543000 	/usr/lib/libc++.1.dylib
0x0000000003543000 	/usr/lib/libc++abi.dylib
0x0000000003543000 	/usr/lib/system/libcache.dylib
0x0000000003543000 	/usr/lib/system/libcommonCrypto.dylib
0x0000000003543000 	/usr/lib/system/libcompiler_rt.dylib
0x0000000003543000 	/usr/lib/system/libcopyfile.dylib
0x0000000003543000 	/usr/lib/system/libcorecrypto.dylib
0x0000000003543000 	/usr/lib/system/libdispatch.dylib
0x0000000003543000 	/usr/lib/system/libdyld.dylib
0x0000000003543000 	/usr/lib/system/libkeymgr.dylib
0x0000000003543000 	/usr/lib/system/liblaunch.dylib
0x0000000003543000 	/usr/lib/system/libmacho.dylib
0x0000000003543000 	/usr/lib/system/libquarantine.dylib
0x0000000003543000 	/usr/lib/system/libremovefile.dylib
0x0000000003543000 	/usr/lib/system/libsystem_asl.dylib
0x0000000003543000 	/usr/lib/system/libsystem_blocks.dylib
0x0000000003543000 	/usr/lib/system/libsystem_c.dylib
0x0000000003543000 	/usr/lib/system/libsystem_configuration.dylib
0x0000000003543000 	/usr/lib/system/libsystem_coreservices.dylib
0x0000000003543000 	/usr/lib/system/libsystem_darwin.dylib
0x0000000003543000 	/usr/lib/system/libsystem_dnssd.dylib
0x0000000003543000 	/usr/lib/system/libsystem_info.dylib
0x0000000003543000 	/usr/lib/system/libsystem_m.dylib
0x0000000003543000 	/usr/lib/system/libsystem_malloc.dylib
0x0000000003543000 	/usr/lib/system/libsystem_networkextension.dylib
0x0000000003543000 	/usr/lib/system/libsystem_notify.dylib
0x0000000003543000 	/usr/lib/system/libsystem_sandbox.dylib
0x0000000003543000 	/usr/lib/system/libsystem_secinit.dylib
0x0000000003543000 	/usr/lib/system/libsystem_kernel.dylib
0x0000000003543000 	/usr/lib/system/libsystem_platform.dylib
0x0000000003543000 	/usr/lib/system/libsystem_pthread.dylib
0x0000000003543000 	/usr/lib/system/libsystem_symptoms.dylib
0x0000000003543000 	/usr/lib/system/libsystem_trace.dylib
0x0000000003543000 	/usr/lib/system/libunwind.dylib
0x0000000003543000 	/usr/lib/system/libxpc.dylib
0x0000000003543000 	/usr/lib/libbsm.0.dylib
0x0000000003543000 	/usr/lib/system/libkxld.dylib
0x0000000003543000 	/System/Library/PrivateFrameworks/AppleFSCompression.framework/Versions/A/AppleFSCompression
0x0000000003543000 	/usr/lib/libOpenScriptingUtil.dylib
0x0000000003543000 	/usr/lib/libcoretls.dylib
0x0000000003543000 	/usr/lib/libcoretls_cfhelpers.dylib
0x0000000003543000 	/usr/lib/libpam.2.dylib
0x0000000003543000 	/usr/lib/libsqlite3.dylib
0x0000000003543000 	/usr/lib/libxar.1.dylib
0x0000000003543000 	/usr/lib/libbz2.1.0.dylib
0x0000000003543000 	/usr/lib/liblzma.5.dylib
0x0000000003543000 	/usr/lib/libnetwork.dylib
0x0000000003543000 	/usr/lib/libapple_nghttp2.dylib
0x0000000003543000 	/usr/lib/libpcap.A.dylib
0x0000000003543000 	/System/Library/Frameworks/CoreServices.framework/Versions/A/Frameworks/FSEvents.framework/Versions/A/FSEvents
0x0000000003543000 	/System/Library/Frameworks/CoreServices.framework/Versions/A/Frameworks/CarbonCore.framework/Versions/A/CarbonCore
0x0000000003543000 	/System/Library/Frameworks/CoreServices.framework/Versions/A/Frameworks/Metadata.framework/Versions/A/Metadata
0x0000000003543000 	/System/Library/Frameworks/CoreServices.framework/Versions/A/Frameworks/OSServices.framework/Versions/A/OSServices
0x0000000003543000 	/System/Library/Frameworks/CoreServices.framework/Versions/A/Frameworks/SearchKit.framework/Versions/A/SearchKit
0x0000000003543000 	/System/Library/Frameworks/CoreServices.framework/Versions/A/Frameworks/AE.framework/Versions/A/AE
0x0000000003543000 	/System/Library/Frameworks/CoreServices.framework/Versions/A/Frameworks/LaunchServices.framework/Versions/A/LaunchServices
0x0000000003543000 	/System/Library/Frameworks/CoreServices.framework/Versions/A/Frameworks/DictionaryServices.framework/Versions/A/DictionaryServices
0x0000000003543000 	/System/Library/Frameworks/CoreServices.framework/Versions/A/Frameworks/SharedFileList.framework/Versions/A/SharedFileList
0x0000000003543000 	/System/Library/Frameworks/NetFS.framework/Versions/A/NetFS
0x0000000003543000 	/System/Library/PrivateFrameworks/NetAuth.framework/Versions/A/NetAuth
0x0000000003543000 	/System/Library/PrivateFrameworks/login.framework/Versions/A/Frameworks/loginsupport.framework/Versions/A/loginsupport
0x0000000003543000 	/System/Library/PrivateFrameworks/TCC.framework/Versions/A/TCC
0x0000000003543000 	/System/Library/PrivateFrameworks/CoreNLP.framework/Versions/A/CoreNLP
0x0000000003543000 	/System/Library/PrivateFrameworks/MetadataUtilities.framework/Versions/A/MetadataUtilities
0x0000000003543000 	/usr/lib/libmecabra.dylib
0x0000000003543000 	/System/Library/Frameworks/ApplicationServices.framework/Versions/A/Frameworks/ATS.framework/Versions/A/ATS
0x0000000003543000 	/System/Library/Frameworks/ApplicationServices.framework/Versions/A/Frameworks/ColorSyncLegacy.framework/Versions/A/ColorSyncLegacy
0x0000000003543000 	/System/Library/Frameworks/ApplicationServices.framework/Versions/A/Frameworks/HIServices.framework/Versions/A/HIServices
0x0000000003543000 	/System/Library/Frameworks/ApplicationServices.framework/Versions/A/Frameworks/LangAnalysis.framework/Versions/A/LangAnalysis
0x0000000003543000 	/System/Library/Frameworks/ApplicationServices.framework/Versions/A/Frameworks/PrintCore.framework/Versions/A/PrintCore
0x0000000003543000 	/System/Library/Frameworks/ApplicationServices.framework/Versions/A/Frameworks/QD.framework/Versions/A/QD
0x0000000003543000 	/System/Library/Frameworks/ApplicationServices.framework/Versions/A/Frameworks/SpeechSynthesis.framework/Versions/A/SpeechSynthesis
0x0000000003543000 	/usr/lib/libcompression.dylib
0x0000000003543000 	/System/Library/Frameworks/CoreDisplay.framework/Versions/A/CoreDisplay
0x0000000003543000 	/System/Library/Frameworks/MetalPerformanceShaders.framework/Versions/A/MetalPerformanceShaders
0x0000000003543000 	/System/Library/Frameworks/Accelerate.framework/Versions/A/Frameworks/vImage.framework/Versions/A/vImage
0x0000000003543000 	/System/Library/Frameworks/Accelerate.framework/Versions/A/Frameworks/vecLib.framework/Versions/A/vecLib
0x0000000003543000 	/System/Library/Frameworks/Accelerate.framework/Versions/A/Frameworks/vecLib.framework/Versions/A/libvMisc.dylib
0x0000000003543000 	/System/Library/Frameworks/Accelerate.framework/Versions/A/Frameworks/vecLib.framework/Versions/A/libvDSP.dylib
0x0000000003543000 	/System/Library/Frameworks/Accelerate.framework/Versions/A/Frameworks/vecLib.framework/Versions/A/libBLAS.dylib
0x0000000003543000 	/System/Library/Frameworks/Accelerate.framework/Versions/A/Frameworks/vecLib.framework/Versions/A/libLAPACK.dylib
0x0000000003543000 	/System/Library/Frameworks/Accelerate.framework/Versions/A/Frameworks/vecLib.framework/Versions/A/libLinearAlgebra.dylib
0x0000000003543000 	/System/Library/Frameworks/Accelerate.framework/Versions/A/Frameworks/vecLib.framework/Versions/A/libSparseBLAS.dylib
0x0000000003543000 	/System/Library/Frameworks/Accelerate.framework/Versions/A/Frameworks/vecLib.framework/Versions/A/libQuadrature.dylib
0x0000000003543000 	/System/Library/Frameworks/Accelerate.framework/Versions/A/Frameworks/vecLib.framework/Versions/A/libBNNS.dylib
0x0000000003543000 	/System/Library/Frameworks/Accelerate.framework/Versions/A/Frameworks/vecLib.framework/Versions/A/libSparse.dylib
0x0000000003543000 	/System/Library/PrivateFrameworks/GPUWrangler.framework/Versions/A/GPUWrangler
0x0000000003543000 	/System/Library/PrivateFrameworks/IOAccelerator.framework/Versions/A/IOAccelerator
0x0000000003543000 	/System/Library/PrivateFrameworks/IOPresentment.framework/Versions/A/IOPresentment
0x0000000003543000 	/System/Library/PrivateFrameworks/DSExternalDisplay.framework/Versions/A/DSExternalDisplay
0x0000000003543000 	/System/Library/Frameworks/OpenGL.framework/Versions/A/Libraries/libCoreFSCache.dylib
0x0000000003543000 	/System/Library/Frameworks/MetalPerformanceShaders.framework/Frameworks/MPSCore.framework/Versions/A/MPSCore
0x0000000003543000 	/System/Library/Frameworks/MetalPerformanceShaders.framework/Frameworks/MPSImage.framework/Versions/A/MPSImage
0x0000000003543000 	/System/Library/Frameworks/MetalPerformanceShaders.framework/Frameworks/MPSNeuralNetwork.framework/Versions/A/MPSNeuralNetwork
0x0000000003543000 	/System/Library/Frameworks/MetalPerformanceShaders.framework/Frameworks/MPSMatrix.framework/Versions/A/MPSMatrix
0x0000000003543000 	/System/Library/Frameworks/MetalPerformanceShaders.framework/Frameworks/MPSRayIntersector.framework/Versions/A/MPSRayIntersector
0x0000000003543000 	/System/Library/PrivateFrameworks/MetalTools.framework/Versions/A/MetalTools
0x0000000003543000 	/System/Library/PrivateFrameworks/AggregateDictionary.framework/Versions/A/AggregateDictionary
0x0000000003543000 	/usr/lib/libMobileGestalt.dylib
0x0000000003543000 	/System/Library/Frameworks/CoreVideo.framework/Versions/A/CoreVideo
0x0000000003543000 	/System/Library/PrivateFrameworks/GraphVisualizer.framework/Versions/A/GraphVisualizer
0x0000000003543000 	/System/Library/PrivateFrameworks/FaceCore.framework/Versions/A/FaceCore
0x0000000003543000 	/System/Library/Frameworks/OpenCL.framework/Versions/A/OpenCL
0x0000000003543000 	/usr/lib/libFosl_dynamic.dylib
0x0000000003543000 	/System/Library/PrivateFrameworks/OTSVG.framework/Versions/A/OTSVG
0x0000000003543000 	/System/Library/Frameworks/ApplicationServices.framework/Versions/A/Frameworks/ATS.framework/Versions/A/Resources/libFontParser.dylib
0x0000000003543000 	/System/Library/Frameworks/ApplicationServices.framework/Versions/A/Frameworks/ATS.framework/Versions/A/Resources/libFontRegistry.dylib
0x0000000003543000 	/System/Library/Frameworks/ImageIO.framework/Versions/A/Resources/libJPEG.dylib
0x0000000003543000 	/System/Library/Frameworks/ImageIO.framework/Versions/A/Resources/libTIFF.dylib
0x0000000003543000 	/System/Library/Frameworks/ImageIO.framework/Versions/A/Resources/libPng.dylib
0x0000000003543000 	/System/Library/Frameworks/ImageIO.framework/Versions/A/Resources/libGIF.dylib
0x0000000003543000 	/System/Library/Frameworks/ImageIO.framework/Versions/A/Resources/libJP2.dylib
0x0000000003543000 	/System/Library/Frameworks/ImageIO.framework/Versions/A/Resources/libRadiance.dylib
0x0000000003543000 	/System/Library/PrivateFrameworks/AppleJPEG.framework/Versions/A/AppleJPEG
0x0000000003543000 	/System/Library/Frameworks/OpenGL.framework/Versions/A/Libraries/libGFXShared.dylib
0x0000000003543000 	/System/Library/Frameworks/OpenGL.framework/Versions/A/Libraries/libGLU.dylib
0x0000000003543000 	/System/Library/Frameworks/OpenGL.framework/Versions/A/Libraries/libGL.dylib
0x0000000003543000 	/System/Library/Frameworks/OpenGL.framework/Versions/A/Libraries/libGLImage.dylib
0x0000000003543000 	/System/Library/Frameworks/OpenGL.framework/Versions/A/Libraries/libCVMSPluginSupport.dylib
0x0000000003543000 	/System/Library/Frameworks/OpenGL.framework/Versions/A/Libraries/libCoreVMClient.dylib
0x0000000003543000 	/usr/lib/libcups.2.dylib
0x0000000003543000 	/System/Library/Frameworks/Kerberos.framework/Versions/A/Kerberos
0x0000000003543000 	/System/Library/Frameworks/GSS.framework/Versions/A/GSS
0x0000000003543000 	/usr/lib/libresolv.9.dylib
0x0000000003543000 	/usr/lib/libiconv.2.dylib
0x0000000003543000 	/System/Library/PrivateFrameworks/Heimdal.framework/Versions/A/Heimdal
0x0000000003543000 	/usr/lib/libheimdal-asn1.dylib
0x0000000003543000 	/System/Library/Frameworks/OpenDirectory.framework/Versions/A/OpenDirectory
0x0000000003543000 	/System/Library/PrivateFrameworks/CommonAuth.framework/Versions/A/CommonAuth
0x0000000003543000 	/System/Library/Frameworks/OpenDirectory.framework/Versions/A/Frameworks/CFOpenDirectory.framework/Versions/A/CFOpenDirectory
0x0000000003543000 	/System/Library/Frameworks/SecurityFoundation.framework/Versions/A/SecurityFoundation
0x0000000003543000 	/System/Library/PrivateFrameworks/APFS.framework/Versions/A/APFS
0x0000000003543000 	/usr/lib/libutil.dylib
0x0000000003543000 	/usr/lib/libcharset.1.dylib
0x0000000003543000 	/System/Library/PrivateFrameworks/AppleSauce.framework/Versions/A/AppleSauce
0x0000000003543000 	/System/Library/PrivateFrameworks/AssertionServices.framework/Versions/A/AssertionServices
0x0000000003543000 	/System/Library/PrivateFrameworks/BaseBoard.framework/Versions/A/BaseBoard
0x0000000003543000 	/usr/lib/libmecab.1.0.0.dylib
0x0000000003543000 	/usr/lib/libgermantok.dylib
0x0000000003543000 	/usr/lib/libThaiTokenizer.dylib
0x0000000003543000 	/usr/lib/libChineseTokenizer.dylib
0x0000000003543000 	/System/Library/PrivateFrameworks/LanguageModeling.framework/Versions/A/LanguageModeling
0x0000000003543000 	/System/Library/PrivateFrameworks/CoreEmoji.framework/Versions/A/CoreEmoji
0x0000000003543000 	/System/Library/PrivateFrameworks/Lexicon.framework/Versions/A/Lexicon
0x0000000003543000 	/System/Library/PrivateFrameworks/LinguisticData.framework/Versions/A/LinguisticData
0x0000000003543000 	/usr/lib/libcmph.dylib
0x0000000003543000 	/System/Library/Frameworks/ServiceManagement.framework/Versions/A/ServiceManagement
0x0000000003543000 	/System/Library/PrivateFrameworks/BackgroundTaskManagement.framework/Versions/A/BackgroundTaskManagement
0x0000000003543000 	/usr/lib/libxslt.1.dylib
0x0000000003543000 	/System/Library/Frameworks/Carbon.framework/Versions/A/Frameworks/Ink.framework/Versions/A/Ink
0x0000000003543000 	/System/Library/PrivateFrameworks/TextureIO.framework/Versions/A/TextureIO
0x0000000003543000 	/usr/lib/libate.dylib
0x0000000003543000 	/System/Library/PrivateFrameworks/CrashReporterSupport.framework/Versions/A/CrashReporterSupport
0x0000000003543000 	/System/Library/PrivateFrameworks/Sharing.framework/Versions/A/Sharing
0x0000000003543000 	/System/Library/PrivateFrameworks/AuthKit.framework/Versions/A/AuthKit
0x0000000003543000 	/System/Library/PrivateFrameworks/Apple80211.framework/Versions/A/Apple80211
0x0000000003543000 	/System/Library/PrivateFrameworks/CoreUtils.framework/Versions/A/CoreUtils
0x0000000003543000 	/System/Library/Frameworks/CoreWLAN.framework/Versions/A/CoreWLAN
0x0000000003543000 	/System/Library/Frameworks/IOBluetooth.framework/Versions/A/IOBluetooth
0x0000000003543000 	/System/Library/PrivateFrameworks/ProtocolBuffer.framework/Versions/A/ProtocolBuffer
0x0000000003543000 	/System/Library/PrivateFrameworks/MobileKeyBag.framework/Versions/A/MobileKeyBag
0x0000000003543000 	/System/Library/PrivateFrameworks/CorePhoneNumbers.framework/Versions/A/CorePhoneNumbers
0x0000000003543000 	/System/Library/PrivateFrameworks/AppleIDAuthSupport.framework/Versions/A/AppleIDAuthSupport
0x0000000003543000 	/System/Library/PrivateFrameworks/KeychainCircle.framework/Versions/A/KeychainCircle
0x0000000003543000 	/System/Library/PrivateFrameworks/ROCKit.framework/Versions/A/ROCKit
0x0000000003543000 	/System/Library/PrivateFrameworks/CoreWiFi.framework/Versions/A/CoreWiFi
0x0000000003543000 	/System/Library/Frameworks/CoreBluetooth.framework/Versions/A/CoreBluetooth
0x0000000003543000 	/System/Library/PrivateFrameworks/DebugSymbols.framework/Versions/A/DebugSymbols
0x0000000003543000 	/System/Library/PrivateFrameworks/CoreSymbolication.framework/Versions/A/CoreSymbolication
0x0000000003543000 	/System/Library/PrivateFrameworks/Symbolication.framework/Versions/A/Symbolication
0x0000000003543000 	/System/Library/PrivateFrameworks/SpeechRecognitionCore.framework/Versions/A/SpeechRecognitionCore
0x0000000104200000 	/Library/Java/JavaVirtualMachines/jdk1.8.0_65.jdk/Contents/Home/jre/lib/server/libjvm.dylib
0x0000000003543000 	/usr/lib/libstdc++.6.dylib
0x00000001030e2000 	/Library/Java/JavaVirtualMachines/jdk1.8.0_65.jdk/Contents/Home/jre/lib/libverify.dylib
0x00000001030f0000 	/Library/Java/JavaVirtualMachines/jdk1.8.0_65.jdk/Contents/Home/jre/lib/libjava.dylib
0x0000000103126000 	/Library/Java/JavaVirtualMachines/jdk1.8.0_65.jdk/Contents/Home/jre/lib/libjdwp.dylib
0x0000000103171000 	/Library/Java/JavaVirtualMachines/jdk1.8.0_65.jdk/Contents/Home/jre/lib/libnpt.dylib
0x0000000103175000 	/Library/Java/JavaVirtualMachines/jdk1.8.0_65.jdk/Contents/Home/jre/lib/libinstrument.dylib
0x00000001031d3000 	/Library/Java/JavaVirtualMachines/jdk1.8.0_65.jdk/Contents/Home/jre/lib/libzip.dylib
0x0000000003543000 	/System/Library/Frameworks/JavaVM.framework/Versions/A/Frameworks/JavaRuntimeSupport.framework/Versions/A/JavaRuntimeSupport
0x0000000003543000 	/System/Library/Frameworks/JavaVM.framework/Versions/A/Frameworks/JavaNativeFoundation.framework/Versions/A/JavaNativeFoundation
0x0000000003543000 	/System/Library/Frameworks/JavaVM.framework/Versions/A/JavaVM
0x0000000003543000 	/System/Library/Frameworks/Carbon.framework/Versions/A/Carbon
0x0000000003543000 	/System/Library/PrivateFrameworks/JavaLaunching.framework/Versions/A/JavaLaunching
0x0000000003543000 	/System/Library/Frameworks/Carbon.framework/Versions/A/Frameworks/CommonPanels.framework/Versions/A/CommonPanels
0x0000000003543000 	/System/Library/Frameworks/Carbon.framework/Versions/A/Frameworks/Help.framework/Versions/A/Help
0x0000000003543000 	/System/Library/Frameworks/Carbon.framework/Versions/A/Frameworks/ImageCapture.framework/Versions/A/ImageCapture
0x0000000003543000 	/System/Library/Frameworks/Carbon.framework/Versions/A/Frameworks/OpenScripting.framework/Versions/A/OpenScripting
0x0000000003543000 	/System/Library/Frameworks/Carbon.framework/Versions/A/Frameworks/Print.framework/Versions/A/Print
0x0000000003543000 	/System/Library/Frameworks/Carbon.framework/Versions/A/Frameworks/SecurityHI.framework/Versions/A/SecurityHI
0x0000000110b3f000 	/Library/Java/JavaVirtualMachines/jdk1.8.0_65.jdk/Contents/Home/jre/lib/libdt_socket.dylib
0x0000000121e63000 	/Library/Java/JavaVirtualMachines/jdk1.8.0_65.jdk/Contents/Home/jre/lib/libsunec.dylib
0x0000000110be4000 	/Library/Java/JavaVirtualMachines/jdk1.8.0_65.jdk/Contents/Home/jre/lib/libnio.dylib
0x0000000121de2000 	/Library/Java/JavaVirtualMachines/jdk1.8.0_65.jdk/Contents/Home/jre/lib/./libnet.dylib

VM Arguments:
jvm_args: -agentlib:jdwp=transport=dt_socket,suspend=y,address=localhost:52801 -javaagent:/Applications/Eclipse 2018-09.app/Contents/Eclipse/configuration/org.eclipse.osgi/1432/0/.cp/lib/javaagent-shaded.jar -Dfile.encoding=UTF-8 
java_command: org.hemant.thakkar.financialExchangeclient.FinancialExchangeClientApplication
java_class_path (initial): /Users/hemantthakkar/Documents/PhotonEclipseWorkspaces/FinancialExchange/FinancialExchangeClient/target/classes:/Users/hemantthakkar/.m2/repository/commons-logging/commons-logging/1.2/commons-logging-1.2.jar:/Users/hemantthakkar/.m2/repository/org/apache/httpcomponents/httpclient/4.5.6/httpclient-4.5.6.jar:/Users/hemantthakkar/.m2/repository/commons-codec/commons-codec/1.10/commons-codec-1.10.jar:/Users/hemantthakkar/.m2/repository/org/apache/httpcomponents/httpcore/4.4.10/httpcore-4.4.10.jar:/Users/hemantthakkar/.m2/repository/com/fasterxml/jackson/core/jackson-databind/2.9.8/jackson-databind-2.9.8.jar:/Users/hemantthakkar/.m2/repository/com/fasterxml/jackson/core/jackson-core/2.9.8/jackson-core-2.9.8.jar:/Users/hemantthakkar/.m2/repository/com/fasterxml/jackson/core/jackson-annotations/2.9.8/jackson-annotations-2.9.8.jar:/Applications/Eclipse 2018-09.app/Contents/Eclipse/configuration/org.eclipse.osgi/1432/0/.cp/lib/javaagent-shaded.jar
Launcher Type: SUN_STANDARD

Environment Variables:
PATH=/usr/bin:/bin:/usr/sbin:/sbin
SHELL=/bin/bash
DISPLAY=/private/tmp/com.apple.launchd.RZ9U4xyYq1/org.macosforge.xquartz:0

Signal Handlers:
SIGSEGV: [libjvm.dylib+0x5a6d31], sa_mask[0]=11111111011111110111111111111111, sa_flags=SA_ONSTACK|SA_RESTART|SA_SIGINFO
SIGBUS: [libjvm.dylib+0x5a6d31], sa_mask[0]=11111111011111110111111111111111, sa_flags=SA_RESTART|SA_SIGINFO
SIGFPE: [libjvm.dylib+0x480a40], sa_mask[0]=11111111011111110111111111111111, sa_flags=SA_RESTART|SA_SIGINFO
SIGPIPE: [libjvm.dylib+0x480a40], sa_mask[0]=11111111011111110111111111111111, sa_flags=SA_RESTART|SA_SIGINFO
SIGXFSZ: [libjvm.dylib+0x480a40], sa_mask[0]=11111111011111110111111111111111, sa_flags=SA_RESTART|SA_SIGINFO
SIGILL: [libjvm.dylib+0x480a40], sa_mask[0]=11111111011111110111111111111111, sa_flags=SA_RESTART|SA_SIGINFO
SIGUSR1: SIG_DFL, sa_mask[0]=00000000000000000000000000000000, sa_flags=none
SIGUSR2: [libjvm.dylib+0x48055e], sa_mask[0]=00100000000000000000000000000000, sa_flags=SA_RESTART|SA_SIGINFO
SIGHUP: [libjvm.dylib+0x47eb35], sa_mask[0]=11111111011111110111111111111111, sa_flags=SA_RESTART|SA_SIGINFO
SIGINT: [libjvm.dylib+0x47eb35], sa_mask[0]=11111111011111110111111111111111, sa_flags=SA_RESTART|SA_SIGINFO
SIGTERM: [libjvm.dylib+0x47eb35], sa_mask[0]=11111111011111110111111111111111, sa_flags=SA_RESTART|SA_SIGINFO
SIGQUIT: [libjvm.dylib+0x47eb35], sa_mask[0]=11111111011111110111111111111111, sa_flags=SA_RESTART|SA_SIGINFO


---------------  S Y S T E M  ---------------

OS:Bsduname:Darwin 18.0.0 Darwin Kernel Version 18.0.0: Wed Aug 22 20:13:40 PDT 2018; root:xnu-4903.201.2~1/RELEASE_X86_64 x86_64
rlimit: STACK 8192k, CORE 0k, NPROC 1418, NOFILE 10240, AS infinity
load average:2.07 2.35 2.30

CPU:total 8 (4 cores per cpu, 2 threads per core) family 6 model 70 stepping 1, cmov, cx8, fxsr, mmx, sse, sse2, sse3, ssse3, sse4.1, sse4.2, popcnt, avx, avx2, aes, clmul, erms, lzcnt, ht, tsc, tscinvbit, bmi1, bmi2

Memory: 4k page, physical 16777216k(2183684k free)

/proc/meminfo:


vm_info: Java HotSpot(TM) 64-Bit Server VM (25.65-b01) for bsd-amd64 JRE (1.8.0_65-b17), built on Oct  6 2015 15:36:46 by "java_re" with gcc 4.2.1 (Based on Apple Inc. build 5658) (LLVM build 2336.11.00)

time: Sat Mar 30 07:56:02 2019
elapsed time: 123 seconds (0d 0h 2m 3s)

